[    0.000000] Initializing cgroup subsys cpuset
[    0.000000] Initializing cgroup subsys cpu
[    0.000000] Initializing cgroup subsys cpuacct
[    0.000000] Linux version 4.4.0-141-generic (buildd@lcy01-amd64-027) (gcc version 5.4.0 20160609 (Ubuntu 5.4.0-6ubuntu1~16.04.10) ) #167-Ubuntu SMP Wed Dec 5 10:38:08 UTC 2018 (Ubuntu 4.4.0-141.167-generic 4.4.162)
[    0.000000] KERNEL supported cpus:
[    0.000000]   Intel GenuineIntel
[    0.000000]   AMD AuthenticAMD
[    0.000000]   NSC Geode by NSC
[    0.000000]   Cyrix CyrixInstead
[    0.000000]   Centaur CentaurHauls
[    0.000000]   Transmeta GenuineTMx86
[    0.000000]   Transmeta TransmetaCPU
[    0.000000]   UMC UMC UMC UMC
[    0.000000] x86/fpu: xstate_offset[2]:  576, xstate_sizes[2]:  256
[    0.000000] x86/fpu: Supporting XSAVE feature 0x01: 'x87 floating point registers'
[    0.000000] x86/fpu: Supporting XSAVE feature 0x02: 'SSE registers'
[    0.000000] x86/fpu: Supporting XSAVE feature 0x04: 'AVX registers'
[    0.000000] x86/fpu: Enabled xstate features 0x7, context size is 832 bytes, using 'standard' format.
[    0.000000] e820: BIOS-provided physical RAM map:
[    0.000000] BIOS-e820: [mem 0x0000000000000000-0x000000000009fbff] usable
[    0.000000] BIOS-e820: [mem 0x000000000009fc00-0x000000000009ffff] reserved
[    0.000000] BIOS-e820: [mem 0x00000000000f0000-0x00000000000fffff] reserved
[    0.000000] BIOS-e820: [mem 0x0000000000100000-0x000000007ffeffff] usable
[    0.000000] BIOS-e820: [mem 0x000000007fff0000-0x000000007fffffff] ACPI data
[    0.000000] BIOS-e820: [mem 0x00000000fec00000-0x00000000fec00fff] reserved
[    0.000000] BIOS-e820: [mem 0x00000000fee00000-0x00000000fee00fff] reserved
[    0.000000] BIOS-e820: [mem 0x00000000fffc0000-0x00000000ffffffff] reserved
[    0.000000] NX (Execute Disable) protection: active
[    0.000000] SMBIOS 2.5 present.
[    0.000000] Hypervisor detected: KVM
[    0.000000] e820: last_pfn = 0x7fff0 max_arch_pfn = 0x1000000
[    0.000000] MTRR: Disabled
[    0.000000] x86/PAT: MTRRs disabled, skipping PAT initialization too.
[    0.000000] CPU MTRRs all blank - virtualized system.
[    0.000000] x86/PAT: Configuration [0-7]: WB  WT  UC- UC  WB  WT  UC- UC  
[    0.000000] found SMP MP-table at [mem 0x0009fff0-0x0009ffff] mapped at [c009fff0]
[    0.000000] Scanning 1 areas for low memory corruption
[    0.000000] RAMDISK: [mem 0x3631a000-0x37184fff]
[    0.000000] ACPI: Early table checksum verification disabled
[    0.000000] ACPI: RSDP 0x00000000000E0000 000024 (v02 VBOX  )
[    0.000000] ACPI: XSDT 0x000000007FFF0030 00003C (v01 VBOX   VBOXXSDT 00000001 ASL  00000061)
[    0.000000] ACPI: FACP 0x000000007FFF00F0 0000F4 (v04 VBOX   VBOXFACP 00000001 ASL  00000061)
[    0.000000] ACPI: DSDT 0x000000007FFF0470 0021FF (v02 VBOX   VBOXBIOS 00000002 INTL 20100528)
[    0.000000] ACPI: FACS 0x000000007FFF0200 000040
[    0.000000] ACPI: FACS 0x000000007FFF0200 000040
[    0.000000] ACPI: APIC 0x000000007FFF0240 000054 (v02 VBOX   VBOXAPIC 00000001 ASL  00000061)
[    0.000000] ACPI: SSDT 0x000000007FFF02A0 0001CC (v01 VBOX   VBOXCPUT 00000002 INTL 20100528)
[    0.000000] 1155MB HIGHMEM available.
[    0.000000] 891MB LOWMEM available.
[    0.000000]   mapped low ram: 0 - 37bfe000
[    0.000000]   low ram: 0 - 37bfe000
[    0.000000] kvm-clock: Using msrs 4b564d01 and 4b564d00
[    0.000000] kvm-clock: cpu 0, msr 0:37bfd001, primary cpu clock
[    0.000000] kvm-clock: using sched offset of 5585117587 cycles
[    0.000000] clocksource: kvm-clock: mask: 0xffffffffffffffff max_cycles: 0x1cd42e4dffb, max_idle_ns: 881590591483 ns
[    0.000000] Zone ranges:
[    0.000000]   DMA      [mem 0x0000000000001000-0x0000000000ffffff]
[    0.000000]   Normal   [mem 0x0000000001000000-0x0000000037bfdfff]
[    0.000000]   HighMem  [mem 0x0000000037bfe000-0x000000007ffeffff]
[    0.000000] Movable zone start for each node
[    0.000000] Early memory node ranges
[    0.000000]   node   0: [mem 0x0000000000001000-0x000000000009efff]
[    0.000000]   node   0: [mem 0x0000000000100000-0x000000007ffeffff]
[    0.000000] Initmem setup node 0 [mem 0x0000000000001000-0x000000007ffeffff]
[    0.000000] Using APIC driver default
[    0.000000] ACPI: PM-Timer IO Port: 0x4008
[    0.000000] IOAPIC[0]: apic_id 1, version 32, address 0xfec00000, GSI 0-23
[    0.000000] ACPI: INT_SRC_OVR (bus 0 bus_irq 0 global_irq 2 dfl dfl)
[    0.000000] ACPI: INT_SRC_OVR (bus 0 bus_irq 9 global_irq 9 low level)
[    0.000000] Using ACPI (MADT) for SMP configuration information
[    0.000000] smpboot: Allowing 1 CPUs, 0 hotplug CPUs
[    0.000000] PM: Registered nosave memory: [mem 0x00000000-0x00000fff]
[    0.000000] PM: Registered nosave memory: [mem 0x0009f000-0x0009ffff]
[    0.000000] PM: Registered nosave memory: [mem 0x000a0000-0x000effff]
[    0.000000] PM: Registered nosave memory: [mem 0x000f0000-0x000fffff]
[    0.000000] e820: [mem 0x80000000-0xfebfffff] available for PCI devices
[    0.000000] Booting paravirtualized kernel on KVM
[    0.000000] clocksource: refined-jiffies: mask: 0xffffffff max_cycles: 0xffffffff, max_idle_ns: 7645519600211568 ns
[    0.000000] setup_percpu: NR_CPUS:8 nr_cpumask_bits:8 nr_cpu_ids:1 nr_node_ids:1
[    0.000000] PERCPU: Embedded 19 pages/cpu @f71c3000 s47436 r0 d30388 u77824
[    0.000000] PV qspinlock hash table entries: 512 (order: 0, 4096 bytes)
[    0.000000] Built 1 zonelists in Zone order, mobility grouping on.  Total pages: 521944
[    0.000000] Kernel command line: BOOT_IMAGE=/boot/vmlinuz-4.4.0-141-generic root=UUID=7633e1aa-bd39-4ab9-8663-1bfde43f634c ro console=tty1 console=ttyS0
[    0.000000] PID hash table entries: 4096 (order: 2, 16384 bytes)
[    0.000000] Dentry cache hash table entries: 131072 (order: 7, 524288 bytes)
[    0.000000] Inode-cache hash table entries: 65536 (order: 6, 262144 bytes)
[    0.000000] Initializing CPU#0
[    0.000000] Initializing HighMem for node 0 (00037bfe:0007fff0)
[    0.000000] Initializing Movable for node 0 (00000000:00000000)
[    0.000000] Memory: 2046452K/2096696K available (8052K kernel code, 778K rwdata, 3180K rodata, 952K init, 800K bss, 50244K reserved, 0K cma-reserved, 1183688K highmem)
[    0.000000] virtual kernel memory layout:
[    0.000000]     fixmap  : 0xfff15000 - 0xfffff000   ( 936 kB)
[    0.000000]     pkmap   : 0xffc00000 - 0xffe00000   (2048 kB)
[    0.000000]     vmalloc : 0xf83fe000 - 0xffbfe000   ( 120 MB)
[    0.000000]     lowmem  : 0xc0000000 - 0xf7bfe000   ( 891 MB)
[    0.000000]       .init : 0xc1bbe000 - 0xc1cac000   ( 952 kB)
[    0.000000]       .data : 0xc17dd3c4 - 0xc1bbc9c0   (3965 kB)
[    0.000000]       .text : 0xc1000000 - 0xc17dd3c4   (8052 kB)
[    0.000000] Checking if this processor honours the WP bit even in supervisor mode...Ok.
[    0.000000] SLUB: HWalign=64, Order=0-3, MinObjects=0, CPUs=1, Nodes=1
[    0.000000] Hierarchical RCU implementation.
[    0.000000] 	Build-time adjustment of leaf fanout to 32.
[    0.000000] 	RCU restricting CPUs from NR_CPUS=8 to nr_cpu_ids=1.
[    0.000000] RCU: Adjusting geometry for rcu_fanout_leaf=32, nr_cpu_ids=1
[    0.000000] NR_IRQS:2304 nr_irqs:256 16
[    0.000000] Console: colour VGA+ 80x25
[    0.000000] console [tty1] enabled
[    0.000000] console [ttyS0] enabled
[    0.000000] allocated 2097152 bytes of page_ext
[    0.000000] tsc: Detected 2594.004 MHz processor
[    1.525296] Calibrating delay loop (skipped) preset value.. 5188.00 BogoMIPS (lpj=10376016)
[    1.547851] pid_max: default: 32768 minimum: 301
[    1.555259] ACPI: Core revision 20150930
[    1.568488] ACPI: 2 ACPI AML tables successfully acquired and loaded
[    1.576345] Security Framework initialized
[    1.582780] Yama: becoming mindful.
[    1.597067] AppArmor: AppArmor initialized
[    1.603531] Mount-cache hash table entries: 2048 (order: 1, 8192 bytes)
[    1.610113] Mountpoint-cache hash table entries: 2048 (order: 1, 8192 bytes)
[    1.615892] Initializing cgroup subsys io
[    1.621793] Initializing cgroup subsys memory
[    1.625947] Initializing cgroup subsys devices
[    1.644495] Initializing cgroup subsys freezer
[    1.660357] Initializing cgroup subsys net_cls
[    1.688783] Initializing cgroup subsys perf_event
[    1.706258] Initializing cgroup subsys net_prio
[    1.712098] Initializing cgroup subsys hugetlb
[    1.717955] Initializing cgroup subsys pids
[    1.728587] mce: CPU supports 0 MCE banks
[    1.736372] process: using mwait in idle threads
[    1.750826] Last level iTLB entries: 4KB 1024, 2MB 1024, 4MB 1024
[    1.771236] Last level dTLB entries: 4KB 1024, 2MB 1024, 4MB 1024, 1GB 4
[    1.776758] Spectre V2 : Mitigation: Full generic retpoline
[    1.779504] Spectre V2 : Spectre v2 mitigation: Speculation control IBPB not-supported IBRS not-supported
[    1.784463] Spectre V2 : Spectre v2 / SpectreRSB mitigation: Filling RSB on context switch
[    1.798517] Speculative Store Bypass: Vulnerable
[    1.845968] Freeing SMP alternatives memory: 32K
[    1.882674] ftrace: allocating 31566 entries in 62 pages
[    2.031961] smpboot: APIC(0) Converting physical 0 to logical package 0
[    2.036862] smpboot: Max logical packages: 1
[    2.042659] Enabling APIC mode:  Flat.  Using 1 I/O APICs
[    2.069593] ..TIMER: vector=0x30 apic1=0 pin1=2 apic2=-1 pin2=-1
[    2.182590] smpboot: CPU0: Intel(R) Core(TM) i7-4720HQ CPU @ 2.60GHz (family: 0x6, model: 0x3c, stepping: 0x3)
[    2.204645] Performance Events: unsupported p6 CPU model 60 no PMU driver, software events only.
[    2.218593] KVM setup paravirtual spinlock
[    2.227384] x86: Booted up 1 node, 1 CPUs
[    2.230906] smpboot: Total of 1 processors activated (5188.00 BogoMIPS)
[    2.248091] devtmpfs: initialized
[    2.258022] evm: security.selinux
[    2.265248] evm: security.SMACK64
[    2.268819] evm: security.SMACK64EXEC
[    2.274004] evm: security.SMACK64TRANSMUTE
[    2.277987] evm: security.SMACK64MMAP
[    2.280586] evm: security.ima
[    2.284400] evm: security.capability
[    2.290078] clocksource: jiffies: mask: 0xffffffff max_cycles: 0xffffffff, max_idle_ns: 7645041785100000 ns
[    2.303166] futex hash table entries: 256 (order: 2, 16384 bytes)
[    2.309939] pinctrl core: initialized pinctrl subsystem
[    2.314961] RTC time:  9:15:28, date: 01/01/19
[    2.319710] NET: Registered protocol family 16
[    2.327525] EISA bus registered
[    2.330843] cpuidle: using governor ladder
[    2.334704] cpuidle: using governor menu
[    2.340406] PCCT header not found.
[    2.362134] ACPI: bus type PCI registered
[    2.370169] acpiphp: ACPI Hot Plug PCI Controller Driver version: 0.5
[    2.390877] PCI : PCI BIOS area is rw and x. Use pci=nobios if you want it NX.
[    2.399108] PCI: PCI BIOS revision 2.10 entry at 0xfda26, last bus=0
[    2.404814] PCI: Using configuration type 1 for base access
[    2.424958] ACPI: Added _OSI(Module Device)
[    2.436983] ACPI: Added _OSI(Processor Device)
[    2.449172] ACPI: Added _OSI(3.0 _SCP Extensions)
[    2.460593] ACPI: Added _OSI(Processor Aggregator Device)
[    2.470030] ACPI: Executed 1 blocks of module-level executable AML code
[    2.483076] ACPI: Interpreter enabled
[    2.485251] ACPI: (supports S0 S5)
[    2.488815] ACPI: Using IOAPIC for interrupt routing
[    2.492154] PCI: Using host bridge windows from ACPI; if necessary, use "pci=nocrs" and report a bug
[    2.552627] ACPI: PCI Root Bridge [PCI0] (domain 0000 [bus 00-ff])
[    2.560892] acpi PNP0A03:00: _OSC: OS supports [ASPM ClockPM Segments MSI]
[    2.572778] acpi PNP0A03:00: _OSC: not requesting OS control; OS requires [ExtendedConfig ASPM ClockPM MSI]
[    2.579622] acpi PNP0A03:00: fail to add MMCONFIG information, can't access extended PCI configuration space under this bridge.
[    2.601782] PCI host bridge to bus 0000:00
[    2.621011] pci_bus 0000:00: root bus resource [io  0x0000-0x0cf7 window]
[    2.633588] pci_bus 0000:00: root bus resource [io  0x0d00-0xffff window]
[    2.652120] pci_bus 0000:00: root bus resource [mem 0x000a0000-0x000bffff window]
[    2.662389] pci_bus 0000:00: root bus resource [mem 0x80000000-0xfdffffff window]
[    2.669517] pci_bus 0000:00: root bus resource [bus 00-ff]
[    2.678722] pci 0000:00:01.1: legacy IDE quirk: reg 0x10: [io  0x01f0-0x01f7]
[    2.684247] pci 0000:00:01.1: legacy IDE quirk: reg 0x14: [io  0x03f6]
[    2.688945] pci 0000:00:01.1: legacy IDE quirk: reg 0x18: [io  0x0170-0x0177]
[    2.700385] pci 0000:00:01.1: legacy IDE quirk: reg 0x1c: [io  0x0376]
[    2.756251] pci 0000:00:07.0: quirk: [io  0x4000-0x403f] claimed by PIIX4 ACPI
[    2.774378] pci 0000:00:07.0: quirk: [io  0x4100-0x410f] claimed by PIIX4 SMB
[    2.805999] ACPI: PCI Interrupt Link [LNKA] (IRQs 5 9 10 *11)
[    2.822881] ACPI: PCI Interrupt Link [LNKB] (IRQs 5 9 *10 11)
[    2.848207] ACPI: PCI Interrupt Link [LNKC] (IRQs 5 *9 10 11)
[    2.863816] ACPI: PCI Interrupt Link [LNKD] (IRQs 5 9 10 *11)
[    2.875623] ACPI: Enabled 2 GPEs in block 00 to 07
[    2.886165] vgaarb: setting as boot device: PCI:0000:00:02.0
[    2.891703] vgaarb: device added: PCI:0000:00:02.0,decodes=io+mem,owns=io+mem,locks=none
[    2.900973] vgaarb: loaded
[    2.904132] vgaarb: bridge control possible 0000:00:02.0
[    2.915151] SCSI subsystem initialized
[    2.928999] ACPI: bus type USB registered
[    2.931807] usbcore: registered new interface driver usbfs
[    2.943262] usbcore: registered new interface driver hub
[    2.954804] usbcore: registered new device driver usb
[    2.968353] PCI: Using ACPI for IRQ routing
[    2.976200] NetLabel: Initializing
[    2.981513] NetLabel:  domain hash size = 128
[    2.987673] NetLabel:  protocols = UNLABELED CIPSOv4
[    2.993041] NetLabel:  unlabeled traffic allowed by default
[    2.999804] amd_nb: Cannot enumerate AMD northbridges
[    3.003651] clocksource: Switched to clocksource kvm-clock
[    3.042404] AppArmor: AppArmor Filesystem Enabled
[    3.050437] pnp: PnP ACPI init
[    3.061142] pnp: PnP ACPI: found 3 devices
[    3.065820] PnPBIOS: Disabled by ACPI PNP
[    3.127156] clocksource: acpi_pm: mask: 0xffffff max_cycles: 0xffffff, max_idle_ns: 2085701024 ns
[    3.154542] NET: Registered protocol family 2
[    3.157949] TCP established hash table entries: 8192 (order: 3, 32768 bytes)
[    3.164850] TCP bind hash table entries: 8192 (order: 4, 65536 bytes)
[    3.170307] TCP: Hash tables configured (established 8192 bind 8192)
[    3.177129] UDP hash table entries: 512 (order: 2, 16384 bytes)
[    3.183963] UDP-Lite hash table entries: 512 (order: 2, 16384 bytes)
[    3.191408] NET: Registered protocol family 1
[    3.195505] pci 0000:00:00.0: Limiting direct PCI/PCI transfers
[    3.200610] pci 0000:00:01.0: Activating ISA DMA hang workarounds
[    3.210379] Unpacking initramfs...
[    4.089352] Freeing initrd memory: 14764K
[    4.095211] RAPL PMU detected, API unit is 2^-32 Joules, 4 fixed counters 10737418240 ms ovfl timer
[    4.108816] hw unit of domain pp0-core 2^-0 Joules
[    4.114729] hw unit of domain package 2^-0 Joules
[    4.124614] hw unit of domain dram 2^-0 Joules
[    4.131293] hw unit of domain pp1-gpu 2^-0 Joules
[    4.143185] platform rtc_cmos: registered platform RTC device (no PNP device found)
[    4.147813] Scanning for low memory corruption every 60 seconds
[    4.153705] audit: initializing netlink subsys (disabled)
[    4.160677] audit: type=2000 audit(1546334136.643:1): initialized
[    4.179150] Initialise system trusted keyring
[    4.185265] HugeTLB registered 2 MB page size, pre-allocated 0 pages
[    4.195150] zbud: loaded
[    4.207634] VFS: Disk quotas dquot_6.6.0
[    4.214705] VFS: Dquot-cache hash table entries: 1024 (order 0, 4096 bytes)
[    4.227032] squashfs: version 4.0 (2009/01/31) Phillip Lougher
[    4.235227] fuse init (API version 7.23)
[    4.245523] Key type big_key registered
[    4.251025] Allocating IMA MOK and blacklist keyrings.
[    4.260951] Key type asymmetric registered
[    4.277310] Asymmetric key parser 'x509' registered
[    4.289324] bounce: pool size: 64 pages
[    4.298642] Block layer SCSI generic (bsg) driver version 0.4 loaded (major 249)
[    4.304851] io scheduler noop registered
[    4.314451] io scheduler deadline registered (default)
[    4.321841] io scheduler cfq registered
[    4.326489] pci_hotplug: PCI Hot Plug PCI Core version: 0.5
[    4.333612] pciehp: PCI Express Hot Plug Controller Driver version: 0.4
[    4.339334] ACPI: AC Adapter [AC] (on-line)
[    4.345800] input: Power Button as /devices/LNXSYSTM:00/LNXPWRBN:00/input/input0
[    4.358885] ACPI: Power Button [PWRF]
[    4.364427] input: Sleep Button as /devices/LNXSYSTM:00/LNXSLPBN:00/input/input1
[    4.381682] ACPI: Sleep Button [SLPF]
[    4.386954] ACPI: Battery Slot [BAT0] (battery present)
[    4.394808] GHES: HEST is not enabled!
[    4.399244] Serial: 8250/16550 driver, 32 ports, IRQ sharing enabled
[    4.409702] isapnp: Scanning for PnP cards...
[    4.447733] 00:02: ttyS0 at I/O 0x3f8 (irq = 4, base_baud = 115200) is a 16550A
[    4.561076] Linux agpgart interface v0.103
[    4.643422] loop: module loaded
[    4.648638] scsi host0: ata_piix
[    4.653598] scsi host1: ata_piix
[    4.662872] ata1: PATA max UDMA/33 cmd 0x1f0 ctl 0x3f6 bmdma 0xd000 irq 14
[    4.671678] ata2: PATA max UDMA/33 cmd 0x170 ctl 0x376 bmdma 0xd008 irq 15
[    4.683610] libphy: Fixed MDIO Bus: probed
[    4.738619] tun: Universal TUN/TAP device driver, 1.6
[    4.741209] tun: (C) 1999-2004 Max Krasnyansky <maxk@qualcomm.com>
[    4.752303] PPP generic driver version 2.4.2
[    4.755039] ehci_hcd: USB 2.0 'Enhanced' Host Controller (EHCI) Driver
[    4.766212] ehci-pci: EHCI PCI platform driver
[    4.769234] ehci-platform: EHCI generic platform driver
[    4.772247] ohci_hcd: USB 1.1 'Open' Host Controller (OHCI) Driver
[    4.776687] ohci-pci: OHCI PCI platform driver
[    4.823926] ohci-platform: OHCI generic platform driver
[    4.827264] uhci_hcd: USB Universal Host Controller Interface driver
[    4.832684] i8042: PNP: PS/2 Controller [PNP0303:PS2K,PNP0f03:PS2M] at 0x60,0x64 irq 1,12
[    4.856222] serio: i8042 KBD port at 0x60,0x64 irq 1
[    4.861562] serio: i8042 AUX port at 0x60,0x64 irq 12
[    4.916909] mousedev: PS/2 mouse device common for all mice
[    4.937327] input: AT Translated Set 2 keyboard as /devices/platform/i8042/serio0/input/input2
[    4.945915] rtc_cmos rtc_cmos: rtc core: registered rtc_cmos as rtc0
[    4.963289] rtc_cmos rtc_cmos: alarms up to one day, 114 bytes nvram
[    5.021506] i2c /dev entries driver
[    5.027081] device-mapper: uevent: version 1.0.3
[    5.031525] device-mapper: ioctl: 4.34.0-ioctl (2015-10-28) initialised: dm-devel@redhat.com
[    5.038483] platform eisa.0: Probing EISA bus 0
[    5.043098] platform eisa.0: EISA: Cannot allocate resource for mainboard
[    5.051068] platform eisa.0: Cannot allocate resource for EISA slot 1
[    5.109090] isapnp: No Plug & Play device found
[    5.117872] platform eisa.0: Cannot allocate resource for EISA slot 2
[    5.127283] platform eisa.0: Cannot allocate resource for EISA slot 3
[    5.177930] tsc: Refined TSC clocksource calibration: 2595.721 MHz
[    5.202531] clocksource: tsc: mask: 0xffffffffffffffff max_cycles: 0x256a71c5c99, max_idle_ns: 440795261495 ns
[    5.213361] platform eisa.0: Cannot allocate resource for EISA slot 4
[    5.233847] platform eisa.0: Cannot allocate resource for EISA slot 5
[    5.256061] platform eisa.0: Cannot allocate resource for EISA slot 6
[    5.261862] platform eisa.0: Cannot allocate resource for EISA slot 7
[    5.269894] platform eisa.0: Cannot allocate resource for EISA slot 8
[    5.301640] platform eisa.0: EISA: Detected 0 cards
[    5.305886] cpufreq-nforce2: No nForce2 chipset.
[    5.317339] ledtrig-cpu: registered to indicate activity on CPUs
[    5.325640] NET: Registered protocol family 10
[    5.334329] NET: Registered protocol family 17
[    5.338859] Key type dns_resolver registered
[    5.344922] Using IPI No-Shortcut mode
[    5.348685] registered taskstats version 1
[    5.354745] Loading compiled-in X.509 certificates
[    5.368707] Loaded X.509 cert 'Build time autogenerated kernel key: 8ee7231a1e42e4b4a17d0e4b95c66ffe15d3b32e'
[    5.404547] zswap: loaded using pool lzo/zbud
[    5.432732] Key type trusted registered
[    5.444792] Key type encrypted registered
[    5.446956] AppArmor: AppArmor sha1 policy hashing enabled
[    5.453709] ima: No TPM chip found, activating TPM-bypass!
[    5.463322] ima: Allocated hash algorithm: sha1
[    5.473141] evm: HMAC attrs: 0x1
[    5.476477]   Magic number: 3:714:271
[    5.479367] rtc_cmos rtc_cmos: setting system clock to 2019-01-01 09:15:32 UTC (1546334132)
[    5.484839] BIOS EDD facility v0.16 2004-Jun-25, 0 devices found
[    5.487701] EDD information not available.
[    5.491085] Freeing unused kernel memory: 952K
[    5.504534] Write protecting the kernel text: 8056k
[    5.507099] Write protecting the kernel read-only data: 3184k
[    5.509879] NX-protecting the kernel data: 6280k
Loading, please wait...
starting version 229
[    5.542633] random: systemd-udevd: uninitialized urandom read (16 bytes read, 2 bits of entropy available)
[    5.555399] random: udevadm: uninitialized urandom read (16 bytes read, 2 bits of entropy available)
[    5.576796] random: systemd-udevd: uninitialized urandom read (16 bytes read, 2 bits of entropy available)
[    5.656213] random: systemd-udevd: uninitialized urandom read (16 bytes read, 2 bits of entropy available)
[    5.684114] random: udevadm: uninitialized urandom read (16 bytes read, 2 bits of entropy available)
[    5.704182] random: udevadm: uninitialized urandom read (16 bytes read, 2 bits of entropy available)
[    5.754631] random: udevadm: uninitialized urandom read (16 bytes read, 2 bits of entropy available)
[    5.769087] random: udevadm: uninitialized urandom read (16 bytes read, 2 bits of entropy available)
[    5.797463] random: udevadm: uninitialized urandom read (16 bytes read, 2 bits of entropy available)
[    5.843463] random: udevadm: uninitialized urandom read (16 bytes read, 2 bits of entropy available)
[    6.027282] e1000: Intel(R) PRO/1000 Network Driver - version 7.3.21-k8-NAPI
[    6.046400] e1000: Copyright (c) 1999-2006 Intel Corporation.
[    6.075716] Fusion MPT base driver 3.04.20
[    6.090535] Copyright (c) 1999-2008 LSI Corporation
[    6.304373] Fusion MPT SPI Host driver 3.04.20
[    6.324164] input: ImExPS/2 Generic Explorer Mouse as /devices/platform/i8042/serio1/input/input4
[    6.789379] e1000 0000:00:03.0 eth0: (PCI:33MHz:32-bit) 02:e6:51:b1:60:b4
[    6.811353] e1000 0000:00:03.0 eth0: Intel(R) PRO/1000 Network Connection
[    6.820630] mptbase: ioc0: Initiating bringup
[    6.888329] ioc0: LSI53C1030 A0: Capabilities={Initiator}
[    7.083306] scsi host2: ioc0: LSI53C1030 A0, FwRev=00000000h, Ports=1, MaxQ=256, IRQ=20
[    7.207784] scsi 2:0:0:0: Direct-Access     VBOX     HARDDISK         1.0  PQ: 0 ANSI: 5
[    7.223029] scsi target2:0:0: Beginning Domain Validation
[    7.316233] scsi target2:0:0: Domain Validation skipping write tests
[    7.329937] scsi target2:0:0: Ending Domain Validation
[    7.371838] scsi target2:0:0: asynchronous
[    7.412305] scsi 2:0:1:0: Direct-Access     VBOX     HARDDISK         1.0  PQ: 0 ANSI: 5
[    7.439375] scsi target2:0:1: Beginning Domain Validation
[    7.525679] scsi target2:0:1: Domain Validation skipping write tests
[    7.538127] scsi target2:0:1: Ending Domain Validation
[    7.562407] scsi target2:0:1: asynchronous
[    7.721015] sd 2:0:0:0: Attached scsi generic sg0 type 0
[    7.727624] sd 2:0:0:0: [sda] 20971520 512-byte logical blocks: (10.7 GB/10.0 GiB)
[    7.744666] sd 2:0:0:0: [sda] Write Protect is off
[    7.751459] sd 2:0:1:0: [sdb] 20480 512-byte logical blocks: (10.5 MB/10.0 MiB)
[    7.759171] sd 2:0:1:0: Attached scsi generic sg1 type 0
[    7.774356] sd 2:0:0:0: [sda] Incomplete mode parameter data
[    7.787563] sd 2:0:0:0: [sda] Assuming drive cache: write through
[    7.792912] sd 2:0:1:0: [sdb] Write Protect is off
[    7.814078] sd 2:0:1:0: [sdb] Incomplete mode parameter data
[    7.827114] sd 2:0:1:0: [sdb] Assuming drive cache: write through
[    7.889982]  sda: sda1
[    7.898656] sd 2:0:0:0: [sda] Attached SCSI disk
[    7.922153] sd 2:0:1:0: [sdb] Attached SCSI disk
[    7.939088] e1000 0000:00:08.0 eth1: (PCI:33MHz:32-bit) 08:00:27:4e:47:a1
[    7.950895] e1000 0000:00:08.0 eth1: Intel(R) PRO/1000 Network Connection
[    7.971031] e1000 0000:00:08.0 enp0s8: renamed from eth1
[    7.988762] e1000 0000:00:03.0 enp0s3: renamed from eth0
Begin: Loading essential drivers ... [   10.298796] md: linear personality registered for level -1
[   10.325884] md: multipath personality registered for level -4
[   10.340046] md: raid0 personality registered for level 0
[   10.364806] md: raid1 personality registered for level 1
[   10.468064] raid6: mmxx1    gen()   847 MB/s
[   10.544006] raid6: mmxx2    gen()  1463 MB/s
[   10.624094] raid6: sse1x1   gen()   822 MB/s
[   10.691879] raid6: sse1x2   gen()  1393 MB/s
[   10.763692] raid6: sse2x1   gen()  1615 MB/s
[   10.839818] raid6: sse2x1   xor()   850 MB/s
[   10.908203] raid6: sse2x2   gen()  3287 MB/s
[   10.992110] raid6: sse2x2   xor()  1650 MB/s
[   11.063697] raid6: avx2x1   gen()  3201 MB/s
[   11.143714] raid6: avx2x2   gen()  5276 MB/s
[   11.147300] raid6: using algorithm avx2x2 gen() 5276 MB/s
[   11.159720] raid6: using avx2x1 recovery algorithm
[   11.182088] xor: automatically using best checksumming function:
[   11.227723]    avx       : 10399.000 MB/sec
[   11.248718] async_tx: api initialized (async)
[   11.311857] md: raid6 personality registered for level 6
[   11.316916] md: raid5 personality registered for level 5
[   11.321267] md: raid4 personality registered for level 4
[   11.357613] md: raid10 personality registered for level 10
done.
Begin: Running /scripts/init-premount ... done.
Begin: Mounting root file system ... Begin: Running /scripts/local-top ... done.
Begin: Running /scripts/local-premount ... [   11.487411] Btrfs loaded
Scanning for Btrfs filesystems
done.
Warning: fsck not present, so skipping root file system
[   11.627884] EXT4-fs (sda1): mounted filesystem with ordered data mode. Opts: (null)
done.
Begin: Running /scripts/local-bottom ... done.
Begin: Running /scripts/init-bottom ... done.
[   12.504228] random: nonblocking pool is initialized
[   13.038057] systemd[1]: systemd 229 running in system mode. (+PAM +AUDIT +SELINUX +IMA +APPARMOR +SMACK +SYSVINIT +UTMP +LIBCRYPTSETUP +GCRYPT +GNUTLS +ACL +XZ -LZ4 +SECCOMP +BLKID +ELFUTILS +KMOD -IDN)
[   13.054838] systemd[1]: Detected virtualization oracle.
[   13.066975] systemd[1]: Detected architecture x86.

Welcome to [1mUbuntu 16.04.5 LTS[0m!

[   13.163308] systemd[1]: Set hostname to <kouosl>.
[   14.749667] systemd[1]: Listening on Syslog Socket.
[[0;32m  OK  [0m] Listening on Syslog Socket.
[   14.780113] systemd[1]: Started Trigger resolvconf update for networkd DNS.
[[0;32m  OK  [0m] Started Trigger resolvconf update for networkd DNS.
[   14.793745] systemd[1]: Listening on udev Control Socket.
[[0;32m  OK  [0m] Listening on udev Control Socket.
[   14.800254] systemd[1]: Created slice User and Session Slice.
[[0;32m  OK  [0m] Created slice User and Session Slice.
[   14.806777] systemd[1]: Set up automount Arbitrary Executable File Formats File System Automount Point.
[[0;32m  OK  [0m] Set up automount Arbitrary Executab...ats File System Automount Point.
[   14.824584] systemd[1]: Listening on Journal Audit Socket.
[[0;32m  OK  [0m] Listening on Journal Audit Socket.
[   14.853117] systemd[1]: Reached target Swap.
[[0;32m  OK  [0m] Reached target Swap.
[   14.860101] systemd[1]: Listening on Device-mapper event daemon FIFOs.
[[0;32m  OK  [0m] Listening on Device-mapper event daemon FIFOs.
[   14.869461] systemd[1]: Listening on Journal Socket.
[[0;32m  OK  [0m] Listening on Journal Socket.
[   14.878621] systemd[1]: Listening on Journal Socket (/dev/log).
[[0;32m  OK  [0m] Listening on Journal Socket (/dev/log).
[   14.885508] systemd[1]: Listening on LVM2 poll daemon socket.
[[0;32m  OK  [0m] Listening on LVM2 poll daemon socket.
[   14.900457] systemd[1]: Listening on LVM2 metadata daemon socket.
[[0;32m  OK  [0m] Listening on LVM2 metadata daemon socket.
[   14.912045] systemd[1]: Reached target User and Group Name Lookups.
[[0;32m  OK  [0m] Reached target User and Group Name Lookups.
[   14.921140] systemd[1]: Listening on udev Kernel Socket.
[[0;32m  OK  [0m] Listening on udev Kernel Socket.
[   14.928628] systemd[1]: Created slice System Slice.
[[0;32m  OK  [0m] Created slice System Slice.
[   14.937078] systemd[1]: Starting Monitoring of LVM2 mirrors, snapshots etc. using dmeventd or progress polling...
         Starting Monitoring of LVM2 mirrors... dmeventd or progress polling...
[   14.949559] systemd[1]: Starting Remount Root and Kernel File Systems...
         Starting Remount Root and Kernel File Systems...
[   14.969064] systemd[1]: Created slice system-serial\x2dgetty.slice.
[[0;32m  OK  [0m] Created slice system-serial\x2dgetty.slice.
[   15.034432] systemd[1]: Mounting POSIX Message Queue File System...
         Mounting POSIX Message Queue File System...
[   15.077941] systemd[1]: Starting Journal Service...
         Starting Journal Service...
[   15.110003] systemd[1]: Starting Create list of required static device nodes for the current kernel...
         Starting Create list of required st... nodes for the current kernel...
[   15.176741] systemd[1]: Starting Load Kernel Modules...
[   15.197802] EXT4-fs (sda1): re-mounted. Opts: (null)
         Starting Load Kernel Modules...
[   15.215336] systemd[1]: Starting Uncomplicated firewall...
         Starting Uncomplicated firewall...
[   15.238444] systemd[1]: Reached target Slices.
[[0;32m  OK  [0m] Reached target Slices.
[   15.269963] systemd[1]: Starting Nameserver information manager...
         Starting Nameserver information manager...
[   15.307049] systemd[1]: Starting Set console keymap...
         Starting Set console keymap...
[   15.337697] systemd[1]: Mounting Huge Pages File System...
         Mounting Huge Pages File System...
[   15.384119] systemd[1]: Listening on /dev/initctl Compatibility Named Pipe.
[[0;32m  OK  [0m] Listening on /dev/initctl Compatibility Named Pipe.
[   15.416112] systemd[1]: Started Forward Password Requests to Wall Directory Watch.
[[0;32m  OK  [0m] Started Forward Password Requests to Wall Directory Watch.
[   15.438119] Loading iSCSI transport class v2.0-870.
[   15.447991] systemd[1]: Reached target System Time Synchronized.
[[0;32m  OK  [0m] Reached target System Time Synchronized.
[   15.465062] systemd[1]: Mounting Debug File System...
         Mounting Debug File System...
[   15.480414] systemd[1]: Reached target Encrypted Volumes.
[[0;32m  OK  [0m] Reached target Encrypted Volumes.
[   15.503929] systemd[1]: Mounted Huge Pages File System.
[[0;32m  OK  [0m] Mounted Huge Pages File System.
[   15.528292] systemd[1]: Mounted POSIX Message Queue File System.
[[0;32m  OK  [0m] Mounted POSIX Message Queue File System.
[   15.558407] systemd[1]: Mounted Debug File System.
[[0;32m  OK  [0m] Mounted Debug File System.
[   15.582290] systemd[1]: Started Remount Root and Kernel File Systems.
[[0;32m  OK  [0m] Started Remount Root and Kernel File Systems.
[   15.605994] systemd[1]: Started Create list of required static device nodes for the current kernel.
[[0;32m  OK  [0m] Started Create list of required sta...ce nodes for the current kernel.
[   15.626241] systemd[1]: Started Uncomplicated firewall.
[   15.634654] iscsi: registered transport (tcp)
[[0;32m  OK  [0m] Started Uncomplicated firewall.
[   15.745009] systemd[1]: Started Nameserver information manager.
[[0;32m  OK  [0m] Started Nameserver information manager.
[   16.010895] systemd[1]: Started Journal Service.
[[0;32m  OK  [0m] Started Journal Service.
[[0;32m  OK  [0m] Started LVM2 metadata daemon.
         Starting Create Static Device Nodes in /dev...
[   16.329356] iscsi: registered transport (iser)
         Starting udev Coldplug all Devices...
         Starting Flush Journal to Persistent Storage...
         Starting Load/Save Random Seed...
[[0;32m  OK  [0m] Started Load Kernel Modules.
[[0;32m  OK  [0m] Started Load/Save Random Seed.
[   16.691827] systemd-journald[379]: Received request to flush runtime journal from PID 1
         Mounting FUSE Control File System...
         Starting Apply Kernel Variables...
[[0;32m  OK  [0m] Mounted FUSE Control File System.
[[0;32m  OK  [0m] Started Monitoring of LVM2 mirrors,...ng dmeventd or progress polling.
[[0;32m  OK  [0m] Started Set console keymap.
[[0;32m  OK  [0m] Started Flush Journal to Persistent Storage.
[[0;32m  OK  [0m] Started Create Static Device Nodes in /dev.
[[0;32m  OK  [0m] Started Apply Kernel Variables.
[[0;32m  OK  [0m] Started udev Coldplug all Devices.
         Starting udev Kernel Device Manager...
[[0;32m  OK  [0m] Started udev Kernel Device Manager.
[[0;32m  OK  [0m] Started Dispatch Password Requests to Console Directory Watch.
[[0;32m  OK  [0m] Reached target Local File Systems (Pre).
[[0;32m  OK  [0m] Reached target Local File Systems.
         Starting LSB: AppArmor initialization...
         Starting Set console font and keymap...
         Starting Tell Plymouth To Write Out Runtime Data...
         Starting Initial cloud-init job (pre-networking)...
         Starting Create Volatile Files and Directories...
[[0;32m  OK  [0m] Started Tell Plymouth To Write Out Runtime Data.
[[0;32m  OK  [0m] Started Create Volatile Files and Directories.
         Starting Update UTMP about System Boot/Shutdown...
[[0;32m  OK  [0m] Started Update UTMP about System Boot/Shutdown.
[[0;32m  OK  [0m] Found device /dev/ttyS0.
[[0;32m  OK  [0m] Found device 82540EM Gigabit Ethern...r (PRO/1000 MT Desktop Adapter).
[[0;32m  OK  [0m] Found device 82540EM Gigabit Ethern...r (PRO/1000 MT Desktop Adapter).
[[0;32m  OK  [0m] Started LSB: AppArmor initialization.
[[0;32m  OK  [0m] Listening on Load/Save RF Kill Switch Status /dev/rfkill Watch.
[[0;32m  OK  [0m] Started Set console font and keymap.
[[0;32m  OK  [0m] Created slice system-getty.slice.
[   23.466761] cloud-init[497]: Cloud-init v. 18.3-9-g2e62cb8a-0ubuntu1~16.04.2 running 'init-local' at Tue, 01 Jan 2019 09:15:51 +0000. Up 22.14 seconds.
[[0;32m  OK  [0m] Started Initial cloud-init job (pre-networking).
[[0;32m  OK  [0m] Reached target Network (Pre).
         Starting Raise network interfaces...
[[0;32m  OK  [0m] Started ifup for enp0s3.
[[0;32m  OK  [0m] Started ifup for enp0s8.
[[0;32m  OK  [0m] Started Raise network interfaces.
[[0;32m  OK  [0m] Reached target Network.
         Starting Initial cloud-init job (metadata service crawler)...
[   27.880124] cloud-init[1073]: Cloud-init v. 18.3-9-g2e62cb8a-0ubuntu1~16.04.2 running 'init' at Tue, 01 Jan 2019 09:15:54 +0000. Up 25.59 seconds.
[   27.920825] cloud-init[1073]: ci-info: ++++++++++++++++++++++++++++++++++++++Net device info+++++++++++++++++++++++++++++++++++++++
[   27.952825] cloud-init[1073]: ci-info: +--------+------+-----------------------------+---------------+--------+-------------------+
[   27.989050] cloud-init[1073]: ci-info: | Device |  Up  |           Address           |      Mask     | Scope  |     Hw-Address    |
[   28.000625] cloud-init[1073]: ci-info: +--------+------+-----------------------------+---------------+--------+-------------------+
[[0;32m  OK  [0m] Started Initial cloud-init job (metadata service crawler).
[   28.013351] cloud-init[1073]: ci-info: | enp0s3 | True |          10.0.2.15          | 255.255.255.0 | global | 02:e6:51:b1:60:b4 |
[   28.025095] cloud-init[1073]: ci-info: | enp0s3 | True |  fe80::e6:51ff:feb1:60b4/64 |       .       |  link  | 02:e6:51:b1:60:b4 |
[   28.044694] cloud-init[1073]: ci-info: | enp0s8 | True |        192.168.83.137       | 255.255.255.0 | global | 08:00:27:4e:47:a1 |
[   28.065267] cloud-init[1073]: ci-info: | enp0s8 | True | fe80::a00:27ff:fe4e:47a1/64 |       .       |  link  | 08:00:27:4e:47:a1 |
[   28.078246] cloud-init[1073]: [[0;32m  OK  [0m] Reached target System Initialization.
[[0;32m  OK  [0m] Listening on UUID daemon activation socket.
         Starting Socket activation for snappy daemon.
ci-info: |   lo   | True |          127.0.0.1          |   255.0.0.0   |  host  |         .         |
[   28.102008] cloud-init[1073]: ci-info: |   lo   | True |           ::1/128           |       .       |  host  |         .         |
[[0;32m  OK  [0m] Started ACPI Events Check.
[   28.118326] [[0;32m  OK  [0m] Reached target Paths.
cloud-init[1073]: ci-info: +--------+------+-----------------------------+---------------+--------+-------------------+
[   28.156149] cloud-init[1073]: ci-info: ++++++++++++++++++++++++++++Route IPv4 info++++++++++++++++++++++++++++
         Starting LXD - unix socket.
[   28.180409] [[0;32m  OK  [0m] Listening on D-Bus System Message Bus Socket.
[[0;32m  OK  [0m] Started Daily Cleanup of Temporary Directories.
cloud-init[1073]: ci-info: +-------+--------------+----------+---------------+-----------+-------+
[   28.225727] cloud-init[1073]: ci-info: | Route | Destination  | Gateway  |    Genmask    | Interface | Flags |
[[   28.252507] cloud-init[1073]: ci-info: +-------+--------------+----------+---------------+-----------+-------+
[   28.253270] cloud-init[1073]: ci-info: |   0   |   0.0.0.0    | 10.0.2.2 |    0.0.0.0    |   enp0s3  |   UG  |
[   28.253450] cloud-init[1073]: ci-info: |   1   |   10.0.2.0   | 0.0.0.0  | 255.255.255.0 |   enp0s3  |   U   |
[   28.253633] cloud-init[1073]: ci-info: |   2   | 192.168.83.0 | 0.0.0.0  | 255.255.255.0 |   enp0s8  |   U   |
[   28.253813] cloud-init[1073]: ci-info: +-------+--------------+----------+---------------+-----------+-------+
[   28.253986] cloud-init[1073]: ci-info: +++++++++++++++++++Route IPv6 info+++++++++++++++++++
[   28.254751] cloud-init[1073]: ci-info: +-------+-------------+---------+-----------+-------+
[   28.254968] cloud-init[1073]: ci-info: | Route | Destination | Gateway | Interface | Flags |
[   28.255177] cloud-init[1073]: ci-info: +-------+-------------+---------+-----------+-------+
[   28.255346] cloud-init[1073]: ci-info: |   0   |  fe80::/64  |    ::   |   enp0s8  |   U   |
[   28.255524] cloud-init[1073]: ci-info: |   1   |  fe80::/64  |    ::   |   enp0s3  |   U   |
[   28.255709] cloud-init[1073]: ci-info: |   6   |   ff00::/8  |    ::   |   enp0s8  |   U   |
[   28.255887] cloud-init[1073]: ci-info: |   7   |   ff00::/8  |    ::   |   enp0s3  |   U   |
[0;32m  OK  [0m] Started Daily apt download activities.
[[0;32m  OK  [0m] [   28.256715] cloud-init[1073]: ci-info: +-------+-------------+---------+-----------+-------+
Started Daily apt upgrade and clean activities.
[[0;32m  OK  [0m] Reached target Timers.
[[0;32m  OK  [0m] Listening on ACPID Listen Socket.
[[0;32m  OK  [0m] Reached target Cloud-config availability.
[[0;32m  OK  [0m] Reached target Network is Online.
         Starting iSCSI initiator daemon (iscsid)...
[[0;32m  OK  [0m] Listening on Socket activation for snappy daemon.
[[0;32m  OK  [0m] Listening on LXD - unix socket.
[[0;32m  OK  [0m] Started iSCSI initiator daemon (iscsid).
         Starting Login to default iSCSI targets...
[[0;32m  OK  [0m] Reached target Sockets.
[[0;32m  OK  [0m] Reached target Basic System.
         Starting System Logging Service...
[[0;32m  OK  [0m] Started Regular background program processing daemon.
         Starting LSB: Record successful boot for GRUB...
         Starting Accounts Service...
[[0;32m  OK  [0m] Started Deferred execution scheduler.
         Starting /etc/rc.local Compatibility...
[[0;32m  OK  [0m] Started Unattended Upgrades Shutdown.
[[0;32m  OK  [0m] Started ACPI event daemon.
         Starting LXD - container startup/shutdown...
         Starting LSB: MD monitoring daemon...
[[0;32m  OK  [0m] Started D-Bus System Message Bus.
         Starting Virtualbox guest utils...
[[0;32m  OK  [0m] Started FUSE filesystem for LXC.
         Starting Login Service...
         Starting OpenBSD Secure Shell server...
         Starting Snappy daemon...
[[0;32m  OK  [0m] Started System Logging Service.
[[0;32m  OK  [0m] Started /etc/rc.local Compatibility.
[[0;32m  OK  [0m] Started Login to default iSCSI targets.
[[0;32m  OK  [0m] Started LSB: Record successful boot for GRUB.
         Starting Authenticate and Authorize Users to Run Privileged Tasks...
[[0;32m  OK  [0m] Reached target Remote File Systems (Pre).
[[0;32m  OK  [0m] Reached target Remote File Systems.
         Starting LSB: Start and stop the mysql database server daemon...
         Starting LSB: automatic crash report generation...
         Starting LSB: daemon to balance interrupts for SMP systems...
         Starting LSB: Apache2 web server...
         Starting Permit User Sessions...
         Starting LSB: Set the CPU Frequency Scaling governor to "ondemand"...
[[0;32m  OK  [0m] Started Login Service.
[[0;32m  OK  [0m] Started LSB: MD monitoring daemon.
[[0;32m  OK  [0m] Started Permit User Sessions.
         Starting Terminate Plymouth Boot Screen...
         Starting Hold until boot process finishes up...
[[0;32m  OK  [0m] Started Hold until boot process finishes up.
[[0;32m  OK  [0m] Started Terminate Plymouth Boot Screen.
[[0;32m  OK  [0m] Started Authenticate and Authorize Users to Run Privileged Tasks.
[[0;32m  OK  [0m] Started LSB: Set the CPU Frequency Scaling governor to "ondemand".
[[0;32m  OK  [0m] Started Accounts Service.
         Starting Set console scheme...
[[0;32m  OK  [0m] Started Getty on tty1.
[[0;32m  OK  [0m] Started Serial Getty on ttyS0.
[[0;32m  OK  [0m] Reached target Login Prompts.
[[0;32m  OK  [0m] Started LSB: automatic crash report generation.
[[0;32m  OK  [0m] Started Set console scheme.
[[0;32m  OK  [0m] Started LSB: daemon to balance interrupts for SMP systems.
[[0;32m  OK  [0m] Started OpenBSD Secure Shell server.
[[0;32m  OK  [0m] Started LXD - container startup/shutdown.
[[0;32m  OK  [0m] Started Virtualbox guest utils.
[[0;32m  OK  [0m] Started Snappy daemon.
         Starting Wait until snapd is fully seeded...
[[0;32m  OK  [0m] Started Wait until snapd is fully seeded.
         Starting Apply the settings specified in cloud-config...
[[0;32m  OK  [0m] Created slice User Slice of vagrant.
         Starting User Manager for UID 1000...
[[0;32m  OK  [0m] Started Session 1 of user vagrant.
[[0;32m  OK  [0m] Started User Manager for UID 1000.

Ubuntu 16.04.5 LTS kouosl ttyS0

kouosl login: [   39.032010] cloud-init[1374]: Cloud-init v. 18.3-9-g2e62cb8a-0ubuntu1~16.04.2 running 'modules:config' at Tue, 01 Jan 2019 09:16:05 +0000. Up 36.45 seconds.
[   48.931080] cloud-init[1888]: Cloud-init v. 18.3-9-g2e62cb8a-0ubuntu1~16.04.2 running 'modules:final' at Tue, 01 Jan 2019 09:16:17 +0000. Up 47.99 seconds.
[   48.932294] cloud-init[1888]: Cloud-init v. 18.3-9-g2e62cb8a-0ubuntu1~16.04.2 finished at Tue, 01 Jan 2019 09:16:18 +0000. Datasource DataSourceNoCloud [seed=/dev/sdb][dsmode=net].  Up 48.90 seconds
         Stopping User Manager for UID 1000...
[[0;32m  OK  [0m] Closed Load/Save RF Kill Switch Status /dev/rfkill Watch.
         Stopping ACPI event daemon...
         Stopping Session 30 of user vagrant.
[[0;32m  OK  [0m] Stopped target Cloud-init target.
[[0;32m  OK  [0m] Stopped Execute cloud user/final scripts.
[[0;32m  OK  [0m] Stopped Apply the settings specified in cloud-config.
[[0;32m  OK  [0m] Stopped target Cloud-config availability.
         Stopping Authenticate and Authorize Users to Run Privileged Tasks...
[[0;32m  OK  [0m] Stopped target Timers.
[[0;32m  OK  [0m] Stopped Daily Cleanup of Temporary Directories.
[[0;32m  OK  [0m] Stopped Daily apt upgrade andc[[0;32m  OK  [0m] Unmounted /var/lib/lxcfs.
[[0;32m  OK  [0m] Stopped System Logging Service.
[[0;32m  OK  [0m] Stopped Regular background program processing daemon.
[[0;32m  OK  [0m] Stopped Accounts Service.
[[0;32m  OK  [0m] Stopped Deferred execution scheduler.
[[0;32m  OK  [0m] Stopped ACPI event daemon.
[[0;32m  OK  [0m] Stopped Snappy daemon.
[[0;32m  OK  [0m] Stopped Authenticate and Authorize Users to Run Privileged Tasks.
[[0;32m  OK  [0m] Stopped Getty on tty1.
[[0;32m  OK  [0m] Stopped Serial Getty on ttyS0.
[[0;32m  OK  [0m] Stopped OpenBSD Secure Shell server.
[[0;32m  OK  [0m] Stopped User Manager for UID 1000.
[[0;32m  OK  [0m] Stopped D-Bus System Message Bus.
[[0;32m  OK  [0m] Stopped FUSE filesystem for LXC.
[[0;32m  OK  [0m] Stopped Session 30 of user vagrant.
[[0;32m  OK  [0m] Stopped Unattended Upgrades Shutdown.
[[0;32m  OK  [0m] Stopped LXD - container startup/shutdown.
[[0;32m  OK  [0m] Stopped LSB: automatic crash report generation.
[[0;32m  OK  [0m] Stopped LSB: Set the CPU Frequency Scaling governor to "ondemand".
[[0;32m  OK  [0m] Stopped LSB: MD monitoring daemon.
[[0;32m  OK  [0m] Stopped LSB: Record successful boot for GRUB.
[[0;32m  OK  [0m] Stopped LSB: daemon to balance interrupts for SMP systems.
[[0;32m  OK  [0m] Stopped Virtualbox guest utils.
[[0;32m  OK  [0m] Removed slice User Slice of vagrant.
         Stopping Login Service...
[[0;32m  OK  [0m] Removed slice system-serial\x2dgetty.slice.
[[0;32m  OK  [0m] Removed slice system-getty.slice.
[[0;32m  OK  [0m] Stopped /etc/rc.local Compatibility.
         Stopping Permit User Sessions...
[[0;32m  OK  [0m] Stopped Login Service.
[[0;32m  OK  [0m] Stopped Permit User Sessions.
[[0;32m  OK  [0m] Stopped target User and Group Name Lookups.
[[0;32m  OK  [0m] Stopped LSB: Apache2 web server.
[[0;32m  OK  [0m] Stopped LSB: Start and stop the mysql database server daemon.
[[0;32m  OK  [0m] Stopped target System Time Synchronized.
[[0;32m  OK  [0m] Stopped target Basic System.
[[0;32m  OK  [0m] Stopped target Slices.
[[0;32m  OK  [0m] Removed slice User and Session Slice.
[[0;32m  OK  [0m] Stopped target Paths.
[[0;32m  OK  [0m] Stopped Forward Password Requests to Wall Directory Watch.
[[0;32m  OK  [0m] Stopped Dispatch Password Requests to Console Directory Watch.
[[0;32m  OK  [0m] Stopped ACPI Events Check.
[[0;32m  OK  [0m] Stopped target Sockets.
[[0;32m  OK  [0m] Closed Syslog Socket.
[[0;32m  OK  [0m] Closed D-Bus System Message Bus Socket.
[[0;32m  OK  [0m] Closed UUID daemon activation socket.
[[0;32m  OK  [0m] Closed ACPID Listen Socket.
[[0;32m  OK  [0m] Closed Socket activation for snappy daemon.
[[0;32m  OK  [0m] Closed LXD - unix socket.
[[0;32m  OK  [0m] Stopped target System Initialization.
[[0;32m  OK  [0m] Stopped target Encrypted Volumes.
         Stopping Update UTMP about System Boot/Shutdown...
         Stopping Load/Save Random Seed...
[[0;32m  OK  [0m] Stopped target Swap.
[[0;32m  OK  [0m] Stopped target Remote File Systems.
[[0;32m  OK  [0m] Stopped target Remote File Systems (Pre).
         Stopping Login to default iSCSI targets...
[[0;32m  OK  [0m] Stopped Load/Save Random Seed.
[[0;32m  OK  [0m] Stopped Update UTMP about System Boot/Shutdown.
[[0;32m  OK  [0m] Stopped Login to default iSCSI targets.
         Stopping iSCSI initiator daemon (iscsid)...
[[0;32m  OK  [0m] Stopped Create Volatile Files and Directories.
[[0;32m  OK  [0m] Stopped iSCSI initiator daemon (iscsid).
[[0;32m  OK  [0m] Stopped target Network is Online.
[[0;32m  OK  [0m] Stopped Initial cloud-init job (metadata service crawler).
[[0;32m  OK  [0m] Stopped target Network.
         Stopping Raise network interfaces...
[[0;32m  OK  [0m] Stopped Raise network interfaces.
[[0;32m  OK  [0m] Stopped target Network (Pre).
[[0;32m  OK  [0m] Stopped Initial cloud-init job (pre-networking).
[[0;32m  OK  [0m] Stopped target Local File Systems.
         Unmounting /var/www/portal...
         Unmounting /run/user/1000...
         Unmounting /var/www/advanced...
[[0;32m  OK  [0m] Stopped Apply Kernel Variables.
[[0;32m  OK  [0m] Stopped Load Kernel Modules.
[[0;32m  OK  [0m] Unmounted /var/www/portal.
[[0;32m  OK  [0m] Unmounted /run/user/1000.
[[0;32m  OK  [0m] Unmounted /var/www/advanced.
[[0;32m  OK  [0m] Reached target Unmount All Filesystems.
[[0;32m  OK  [0m] Stopped target Local File Systems (Pre).
[[0;32m  OK  [0m] Stopped Remount Root and Kernel File Systems.
[[0;32m  OK  [0m] Stopped Create Static Device Nodes in /dev.
[[0;32m  OK  [0m] Reached target Shutdown.
[31835.535506] reboot: Power down
